<?xml version="1.0" encoding="UTF-8"?>
<!-- Generated by org.testng.reporters.JUnitReportReporter -->
<testsuite name="Test_Cases.t" tests="1" time="0.015" ignored="0" failures="0" timestamp="09 Mar 2018 06:49:26 GMT" skipped="0" hostname="net04-PC" errors="0">
  <testcase name="calculate_loyalty_markup" time="0.015" classname="Test_Cases.t"/>
</testsuite> <!-- Test_Cases.t -->
