<?xml version="1.0" encoding="UTF-8"?>
<!-- Generated by org.testng.reporters.JUnitReportReporter -->
<testsuite name="Test_Cases.Restaurent_registration" tests="1" time="35.693" ignored="0" failures="0" timestamp="26 Feb 2018 04:24:11 GMT" skipped="0" hostname="net04-PC" errors="0">
  <testcase name="Restaurant_Management" time="35.693" classname="Test_Cases.Restaurent_registration"/>
</testsuite> <!-- Test_Cases.Restaurent_registration -->
