<?xml version="1.0" encoding="UTF-8"?>
<!-- Generated by org.testng.reporters.JUnitReportReporter -->
<testsuite name="Test_Cases.SIGN_UP" tests="1" time="9.442" ignored="0" failures="0" timestamp="09 Mar 2018 10:55:34 GMT" skipped="0" hostname="net04-PC" errors="0">
  <testcase name="navigate_to_singup" time="9.442" classname="Test_Cases.SIGN_UP"/>
</testsuite> <!-- Test_Cases.SIGN_UP -->
