<?xml version="1.0" encoding="UTF-8"?>
<!-- Generated by org.testng.reporters.JUnitReportReporter -->
<testsuite name="Test_Cases.loyalty_calculator2" tests="1" time="6.023" ignored="0" failures="0" timestamp="12 Mar 2018 04:21:21 GMT" skipped="0" hostname="net04-PC" errors="0">
  <testcase name="calculate_loyalty_markup" time="6.023" classname="Test_Cases.loyalty_calculator2"/>
</testsuite> <!-- Test_Cases.loyalty_calculator2 -->
