<?xml version="1.0" encoding="UTF-8"?>
<!-- Generated by org.testng.reporters.JUnitReportReporter -->
<testsuite name="Test_Cases.Verify_links" tests="1" time="45.244" ignored="0" failures="0" timestamp="27 Feb 2018 04:25:39 GMT" skipped="0" hostname="net04-PC" errors="0">
  <testcase name="verify_links" time="45.244" classname="Test_Cases.Verify_links"/>
</testsuite> <!-- Test_Cases.Verify_links -->
