<?xml version="1.0" encoding="UTF-8"?>
<!-- Generated by org.testng.reporters.JUnitReportReporter -->
<testsuite name="Test_Cases.Verify_homepage_links" tests="1" time="32.944" ignored="0" failures="0" timestamp="09 Feb 2018 08:33:28 GMT" skipped="0" hostname="net04-PC" errors="0">
  <testcase name="verify_links" time="32.944" classname="Test_Cases.Verify_homepage_links"/>
</testsuite> <!-- Test_Cases.Verify_homepage_links -->
