<?xml version="1.0" encoding="UTF-8"?>
<!-- Generated by org.testng.reporters.JUnitReportReporter -->
<testsuite name="Test_Cases.test" tests="1" time="153.458" ignored="0" failures="0" timestamp="21 Feb 2018 06:48:11 GMT" skipped="0" hostname="net04-PC" errors="0">
  <testcase name="captcha" time="153.458" classname="Test_Cases.test"/>
</testsuite> <!-- Test_Cases.test -->
