<?xml version="1.0" encoding="UTF-8"?>
<!-- Generated by org.testng.reporters.JUnitReportReporter -->
<testsuite name="Test_Cases.loyalty_calculator" tests="1" time="11.279" ignored="1" failures="0" timestamp="13 Mar 2018 10:44:16 GMT" skipped="0" hostname="net04-PC" errors="0">
  <testcase name="calculate_loyalty_markup" time="11.279" classname="Test_Cases.loyalty_calculator"/>
  <testcase name="calculate_loyalty_commission" classname="Test_Cases.loyalty_calculator">
    <skipped/>
  </testcase> <!-- calculate_loyalty_commission -->
</testsuite> <!-- Test_Cases.loyalty_calculator -->
